# JRE version: OpenJDK Runtime Environment Temurin-17.0.5+8 (17.0.5+8) (build 17.0.5+8)
# Java VM: OpenJDK 64-Bit Server VM Temurin-17.0.5+8 (17.0.5+8, mixed mode, sharing, tiered, compressed oops, compressed class ptrs, g1 gc, windows-amd64)
GC Precious Log:
 CPUs: 16 total, 16 available
 Memory: 65486M
 Large Page Support: Disabled
 NUMA Support: Disabled
 Compressed Oops: Enabled (32-bit)
 Heap Region Size: 1M
 Heap Min Capacity: 256M
 Heap Initial Capacity: 256M
 Heap Max Capacity: 512M
 Pre-touch: Disabled
 Parallel Workers: 13
 Concurrent Workers: 3
 Concurrent Refinement Workers: 13
 Periodic GC: Disabled
Heap:
 garbage-first heap   total 262144K, used 81374K [0x00000000e0000000, 0x0000000100000000)
  region size 1024K, 48 young (49152K), 4 survivors (4096K)
 Metaspace       used 65625K, committed 66176K, reserved 372736K
  class space    used 9388K, committed 9600K, reserved 315392K
GC Heap History (20 events):
Event: 0.423 GC heap before
{Heap before GC invocations=0 (full 0):
 garbage-first heap   total 262144K, used 22528K [0x00000000e0000000, 0x0000000100000000)
  region size 1024K, 23 young (23552K), 0 survivors (0K)
 Metaspace       used 923K, committed 1088K, reserved 323584K
  class space    used 68K, committed 128K, reserved 315392K
}
Event: 0.425 GC heap after
{Heap after GC invocations=1 (full 0):
 garbage-first heap   total 262144K, used 1725K [0x00000000e0000000, 0x0000000100000000)
  region size 1024K, 2 young (2048K), 2 survivors (2048K)
 Metaspace       used 923K, committed 1088K, reserved 323584K
  class space    used 68K, committed 128K, reserved 315392K
}
Event: 1.035 GC heap before
{Heap before GC invocations=1 (full 0):
 garbage-first heap   total 262144K, used 40637K [0x00000000e0000000, 0x0000000100000000)
  region size 1024K, 37 young (37888K), 2 survivors (2048K)
 Metaspace       used 4607K, committed 4800K, reserved 323584K
  class space    used 574K, committed 640K, reserved 315392K
}
Event: 1.039 GC heap after
{Heap after GC invocations=2 (full 0):
 garbage-first heap   total 262144K, used 10909K [0x00000000e0000000, 0x0000000100000000)
  region size 1024K, 5 young (5120K), 5 survivors (5120K)
 Metaspace       used 4607K, committed 4800K, reserved 323584K
  class space    used 574K, committed 640K, reserved 315392K
}
Event: 1.575 GC heap before
{Heap before GC invocations=2 (full 0):
 garbage-first heap   total 262144K, used 62109K [0x00000000e0000000, 0x0000000100000000)
  region size 1024K, 53 young (54272K), 5 survivors (5120K)
 Metaspace       used 4917K, committed 5056K, reserved 323584K
  class space    used 621K, committed 704K, reserved 315392K
}
Event: 1.580 GC heap after
{Heap after GC invocations=3 (full 0):
 garbage-first heap   total 262144K, used 16257K [0x00000000e0000000, 0x0000000100000000)
  region size 1024K, 5 young (5120K), 5 survivors (5120K)
 Metaspace       used 4917K, committed 5056K, reserved 323584K
  class space    used 621K, committed 704K, reserved 315392K
}
Event: 3.020 GC heap before
{Heap before GC invocations=3 (full 0):
 garbage-first heap   total 262144K, used 119681K [0x00000000e0000000, 0x0000000100000000)
  region size 1024K, 105 young (107520K), 5 survivors (5120K)
 Metaspace       used 21229K, committed 21504K, reserved 339968K
  class space    used 2925K, committed 3008K, reserved 315392K
}
Event: 3.025 GC heap after
{Heap after GC invocations=4 (full 0):
 garbage-first heap   total 262144K, used 22992K [0x00000000e0000000, 0x0000000100000000)
  region size 1024K, 11 young (11264K), 11 survivors (11264K)
 Metaspace       used 21229K, committed 21504K, reserved 339968K
  class space    used 2925K, committed 3008K, reserved 315392K
}
Event: 4.372 GC heap before
{Heap before GC invocations=5 (full 0):
 garbage-first heap   total 262144K, used 134608K [0x00000000e0000000, 0x0000000100000000)
  region size 1024K, 121 young (123904K), 11 survivors (11264K)
 Metaspace       used 35575K, committed 35968K, reserved 348160K
  class space    used 4948K, committed 5120K, reserved 315392K
}
Event: 4.377 GC heap after
{Heap after GC invocations=6 (full 0):
 garbage-first heap   total 262144K, used 28003K [0x00000000e0000000, 0x0000000100000000)
  region size 1024K, 12 young (12288K), 12 survivors (12288K)
 Metaspace       used 35575K, committed 35968K, reserved 348160K
  class space    used 4948K, committed 5120K, reserved 315392K
}
Event: 4.395 GC heap before
{Heap before GC invocations=6 (full 0):
 garbage-first heap   total 262144K, used 29027K [0x00000000e0000000, 0x0000000100000000)
  region size 1024K, 13 young (13312K), 12 survivors (12288K)
 Metaspace       used 35672K, committed 36096K, reserved 348160K
  class space    used 4971K, committed 5184K, reserved 315392K
}
Event: 4.400 GC heap after
{Heap after GC invocations=7 (full 0):
 garbage-first heap   total 262144K, used 29273K [0x00000000e0000000, 0x0000000100000000)
  region size 1024K, 2 young (2048K), 2 survivors (2048K)
 Metaspace       used 35672K, committed 36096K, reserved 348160K
  class space    used 4971K, committed 5184K, reserved 315392K
}
Event: 4.419 GC heap before
{Heap before GC invocations=7 (full 0):
 garbage-first heap   total 262144K, used 30297K [0x00000000e0000000, 0x0000000100000000)
  region size 1024K, 4 young (4096K), 2 survivors (2048K)
 Metaspace       used 35913K, committed 36288K, reserved 348160K
  class space    used 5000K, committed 5184K, reserved 315392K
}
Event: 4.419 GC heap after
{Heap after GC invocations=8 (full 0):
 garbage-first heap   total 262144K, used 27881K [0x00000000e0000000, 0x0000000100000000)
  region size 1024K, 1 young (1024K), 1 survivors (1024K)
 Metaspace       used 35913K, committed 36288K, reserved 348160K
  class space    used 5000K, committed 5184K, reserved 315392K
}
Event: 1524.765 GC heap before
{Heap before GC invocations=9 (full 0):
 garbage-first heap   total 262144K, used 182505K [0x00000000e0000000, 0x0000000100000000)
  region size 1024K, 153 young (156672K), 1 survivors (1024K)
 Metaspace       used 49991K, committed 50496K, reserved 364544K
  class space    used 6922K, committed 7168K, reserved 315392K
}
Event: 1524.768 GC heap after
{Heap after GC invocations=10 (full 0):
 garbage-first heap   total 262144K, used 33891K [0x00000000e0000000, 0x0000000100000000)
  region size 1024K, 7 young (7168K), 7 survivors (7168K)
 Metaspace       used 49991K, committed 50496K, reserved 364544K
  class space    used 6922K, committed 7168K, reserved 315392K
}
Event: 1780.770 GC heap before
{Heap before GC invocations=10 (full 0):
 garbage-first heap   total 262144K, used 37987K [0x00000000e0000000, 0x0000000100000000)
  region size 1024K, 12 young (12288K), 7 survivors (7168K)
 Metaspace       used 49991K, committed 50496K, reserved 364544K
  class space    used 6922K, committed 7168K, reserved 315392K
}
Event: 1780.774 GC heap after
{Heap after GC invocations=11 (full 0):
 garbage-first heap   total 262144K, used 34010K [0x00000000e0000000, 0x0000000100000000)
  region size 1024K, 1 young (1024K), 1 survivors (1024K)
 Metaspace       used 49991K, committed 50496K, reserved 364544K
  class space    used 6922K, committed 7168K, reserved 315392K
}
Event: 2151.104 GC heap before
{Heap before GC invocations=11 (full 0):
 garbage-first heap   total 262144K, used 148698K [0x00000000e0000000, 0x0000000100000000)
  region size 1024K, 114 young (116736K), 1 survivors (1024K)
 Metaspace       used 60132K, committed 60800K, reserved 372736K
  class space    used 8701K, committed 9024K, reserved 315392K
}
Event: 2151.107 GC heap after
{Heap after GC invocations=12 (full 0):
 garbage-first heap   total 262144K, used 37342K [0x00000000e0000000, 0x0000000100000000)
  region size 1024K, 4 young (4096K), 4 survivors (4096K)
 Metaspace       used 60132K, committed 60800K, reserved 372736K
  class space    used 8701K, committed 9024K, reserved 315392K
}

